<?xml version="1.0" encoding="UTF-8"?>
<!-- Generated by org.testng.reporters.JUnitXMLReporter -->
<testsuite hostname="DESKTOP-GRFQ9AT" ignored="0" name="Default test(failed)" tests="5" failures="0" timestamp="20 Oct 2021 10:47:37 GMT" time="2.094" errors="0">
  <testcase name="tc_01" time="0.03" classname="com.dataprovider.ExcelRead"/>
  <testcase name="tc_01" time="0.005" classname="com.dataprovider.ExcelRead"/>
  <testcase name="tc_01" time="0.003" classname="com.dataprovider.ExcelRead"/>
  <testcase name="tc_01" time="0.007" classname="com.dataprovider.ExcelRead"/>
  <testcase name="tc_01" time="0.003" classname="com.dataprovider.ExcelRead"/>
</testsuite> <!-- Default test(failed) -->
