<?xml version="1.0" encoding="UTF-8"?>
<!-- Generated by org.testng.reporters.JUnitXMLReporter -->
<testsuite hostname="DESKTOP-GRFQ9AT" ignored="0" name="Default test" tests="5" failures="0" timestamp="18 Oct 2021 11:19:18 GMT" time="3.024" errors="0">
  <testcase name="tc_01" time="0.035" classname="com.dataprovider.ExcelRead"/>
  <testcase name="tc_01" time="0.004" classname="com.dataprovider.ExcelRead"/>
  <testcase name="tc_01" time="0.003" classname="com.dataprovider.ExcelRead"/>
  <testcase name="tc_01" time="0.003" classname="com.dataprovider.ExcelRead"/>
  <testcase name="tc_01" time="0.003" classname="com.dataprovider.ExcelRead"/>
</testsuite> <!-- Default test -->
