<?xml version="1.0" encoding="UTF-8"?>
<testsuite xmlns:xsi="http://www.w3.org/2001/XMLSchema-instance" xsi:noNamespaceSchemaLocation="https://maven.apache.org/surefire/maven-surefire-plugin/xsd/surefire-test-report-3.0.xsd" version="3.0" name="TestSuite" time="6.225" tests="2" errors="0" skipped="1" failures="1">
  <properties>
[...]
</properties>
  <testcase name="setup" classname="com.parameterization.Parameterdemo" time="5.141">
    <failure message="&#10;Parameter &apos;browser-name&apos; is required by BeforeMethod on method setup but has not been marked @Optional or defined&#10;in D:\java\demotestng\parameterization.xml" type="org.testng.TestNGException"><![CDATA[org.testng.TestNGException: 

Parameter 'browser-name' is required by BeforeMethod on method setup but has not been marked @Optional or defined
in D:\java\demotestng\parameterization.xml
]]></failure>
    <system-out><![CDATA[[TestNGContentHandler] [WARN] It is strongly recommended to add "<!DOCTYPE suite SYSTEM "http://testng.org/testng-1.0.dtd" >" at the top of your file, otherwise TestNG may fail or not work as expected.
]]></system-out>
  </testcase>
  <testcase name="verifyTestingShastraHomePageTitle" classname="com.parameterization.Parameterdemo" time="0">
    <skipped message="&#10;Parameter &apos;browser-name&apos; is required by BeforeMethod on method setup but has not been marked @Optional or defined&#10;in D:\java\demotestng\parameterization.xml"/>
  </testcase>
</testsuite>